<?xml version="1.0" encoding="UTF-8"?>
<!-- Generated by org.testng.reporters.JUnitReportReporter -->
<testsuite hostname="Dell" name="FirstNGPackage.FirsTestNGClass" tests="2" failures="0" timestamp="28 Apr 2019 10:48:45 GMT" time="8.046" errors="0">
  <testcase name="f" time="3.174" classname="FirstNGPackage.FirsTestNGClass"/>
  <testcase name="Register" time="4.872" classname="FirstNGPackage.FirsTestNGClass"/>
</testsuite> <!-- FirstNGPackage.FirsTestNGClass -->
